08.06. 01:08:06.830    C&C World-Altering Editor (WAE) build 1.4.9290.398
08.06. 01:08:06.837    Release version: 1.4.11
08.06. 01:08:06.841    从 yr 加载配置: Constants.ini
08.06. 01:08:06.859    从 yr 加载配置: UI/UIConstants.ini
08.06. 01:08:06.859    已为游戏版本 Yuri's Revenge 重新初始化常量，可执行文件名: ra2md.exe, gamemd.exe
08.06. 01:08:06.867    Purging old auto-saves.
08.06. 01:08:06.876    There are not enough old auto-saves to purge.
08.06. 01:08:07.571    InitGraphicsMode: 1200x900
08.06. 01:08:07.591    从 yr 加载配置: EditorThemes.ini
08.06. 01:08:07.643    初始化加载YR游戏目录: E:\game\红色警戒2
08.06. 01:08:07.670    已更新游戏可执行文件期望值: ra2md.exe, gamemd.exe (游戏版本: Yuri's Revenge)
08.06. 01:08:07.690    游戏目录验证结果: True, 游戏版本: Yuri's Revenge, 期望的可执行文件: ra2md.exe, gamemd.exe
08.06. 01:08:07.691    已更新游戏可执行文件期望值: ra2md.exe, gamemd.exe (游戏版本: Yuri's Revenge)
08.06. 01:08:07.691    已更新游戏可执行文件期望值: ra2md.exe, gamemd.exe (游戏版本: Yuri's Revenge)
08.06. 01:08:09.784    已更新游戏可执行文件期望值: ra2md.exe, gamemd.exe (游戏版本: Yuri's Revenge)
08.06. 01:08:10.540    从 yr 加载配置: FileManagerConfig.ini
08.06. 01:08:10.548    Loading MIX file WAECache.mix from C:\USERS\MR\ONEDRIVE\桌面\WAE-MO - 副本 (8)\SRC\TSMAPEDITOR\BIN\DEBUG\NET8.0-WINDOWS
08.06. 01:08:10.557    Loading MIX file langmd.mix from E:\GAME\红色警戒2
08.06. 01:08:10.558    Loading MIX file language.mix from E:\GAME\红色警戒2
08.06. 01:08:10.563    Failed to find MIX file: expandmd99.mix
08.06. 01:08:10.564    Failed to find MIX file: expandmd98.mix
08.06. 01:08:10.564    Failed to find MIX file: expandmd97.mix
08.06. 01:08:10.564    Failed to find MIX file: expandmd96.mix
08.06. 01:08:10.565    Failed to find MIX file: expandmd95.mix
08.06. 01:08:10.565    Failed to find MIX file: expandmd94.mix
08.06. 01:08:10.565    Failed to find MIX file: expandmd93.mix
08.06. 01:08:10.565    Failed to find MIX file: expandmd92.mix
08.06. 01:08:10.566    Failed to find MIX file: expandmd91.mix
08.06. 01:08:10.566    Failed to find MIX file: expandmd90.mix
08.06. 01:08:10.566    Failed to find MIX file: expandmd89.mix
08.06. 01:08:10.566    Failed to find MIX file: expandmd88.mix
08.06. 01:08:10.567    Failed to find MIX file: expandmd87.mix
08.06. 01:08:10.567    Failed to find MIX file: expandmd86.mix
08.06. 01:08:10.567    Failed to find MIX file: expandmd85.mix
08.06. 01:08:10.567    Failed to find MIX file: expandmd84.mix
08.06. 01:08:10.568    Failed to find MIX file: expandmd83.mix
08.06. 01:08:10.568    Failed to find MIX file: expandmd82.mix
08.06. 01:08:10.568    Failed to find MIX file: expandmd81.mix
08.06. 01:08:10.569    Failed to find MIX file: expandmd80.mix
08.06. 01:08:10.569    Failed to find MIX file: expandmd79.mix
08.06. 01:08:10.569    Failed to find MIX file: expandmd78.mix
08.06. 01:08:10.569    Failed to find MIX file: expandmd77.mix
08.06. 01:08:10.570    Failed to find MIX file: expandmd76.mix
08.06. 01:08:10.570    Failed to find MIX file: expandmd75.mix
08.06. 01:08:10.570    Failed to find MIX file: expandmd74.mix
08.06. 01:08:10.570    Failed to find MIX file: expandmd73.mix
08.06. 01:08:10.571    Failed to find MIX file: expandmd72.mix
08.06. 01:08:10.571    Failed to find MIX file: expandmd71.mix
08.06. 01:08:10.571    Failed to find MIX file: expandmd70.mix
08.06. 01:08:10.571    Failed to find MIX file: expandmd69.mix
08.06. 01:08:10.572    Failed to find MIX file: expandmd68.mix
08.06. 01:08:10.572    Failed to find MIX file: expandmd67.mix
08.06. 01:08:10.572    Failed to find MIX file: expandmd66.mix
08.06. 01:08:10.572    Failed to find MIX file: expandmd65.mix
08.06. 01:08:10.573    Failed to find MIX file: expandmd64.mix
08.06. 01:08:10.573    Failed to find MIX file: expandmd63.mix
08.06. 01:08:10.573    Failed to find MIX file: expandmd62.mix
08.06. 01:08:10.573    Failed to find MIX file: expandmd61.mix
08.06. 01:08:10.574    Failed to find MIX file: expandmd60.mix
08.06. 01:08:10.574    Failed to find MIX file: expandmd59.mix
08.06. 01:08:10.574    Failed to find MIX file: expandmd58.mix
08.06. 01:08:10.574    Failed to find MIX file: expandmd57.mix
08.06. 01:08:10.575    Failed to find MIX file: expandmd56.mix
08.06. 01:08:10.575    Failed to find MIX file: expandmd55.mix
08.06. 01:08:10.575    Failed to find MIX file: expandmd54.mix
08.06. 01:08:10.575    Failed to find MIX file: expandmd53.mix
08.06. 01:08:10.576    Failed to find MIX file: expandmd52.mix
08.06. 01:08:10.576    Failed to find MIX file: expandmd51.mix
08.06. 01:08:10.576    Failed to find MIX file: expandmd50.mix
08.06. 01:08:10.576    Failed to find MIX file: expandmd49.mix
08.06. 01:08:10.577    Failed to find MIX file: expandmd48.mix
08.06. 01:08:10.577    Failed to find MIX file: expandmd47.mix
08.06. 01:08:10.577    Failed to find MIX file: expandmd46.mix
08.06. 01:08:10.577    Failed to find MIX file: expandmd45.mix
08.06. 01:08:10.578    Failed to find MIX file: expandmd44.mix
08.06. 01:08:10.578    Failed to find MIX file: expandmd43.mix
08.06. 01:08:10.578    Failed to find MIX file: expandmd42.mix
08.06. 01:08:10.578    Failed to find MIX file: expandmd41.mix
08.06. 01:08:10.579    Failed to find MIX file: expandmd40.mix
08.06. 01:08:10.579    Failed to find MIX file: expandmd39.mix
08.06. 01:08:10.579    Failed to find MIX file: expandmd38.mix
08.06. 01:08:10.580    Failed to find MIX file: expandmd37.mix
08.06. 01:08:10.580    Failed to find MIX file: expandmd36.mix
08.06. 01:08:10.580    Failed to find MIX file: expandmd35.mix
08.06. 01:08:10.580    Failed to find MIX file: expandmd34.mix
08.06. 01:08:10.581    Failed to find MIX file: expandmd33.mix
08.06. 01:08:10.581    Failed to find MIX file: expandmd32.mix
08.06. 01:08:10.581    Failed to find MIX file: expandmd31.mix
08.06. 01:08:10.581    Failed to find MIX file: expandmd30.mix
08.06. 01:08:10.582    Failed to find MIX file: expandmd29.mix
08.06. 01:08:10.582    Failed to find MIX file: expandmd28.mix
08.06. 01:08:10.582    Failed to find MIX file: expandmd27.mix
08.06. 01:08:10.582    Failed to find MIX file: expandmd26.mix
08.06. 01:08:10.583    Failed to find MIX file: expandmd25.mix
08.06. 01:08:10.583    Failed to find MIX file: expandmd24.mix
08.06. 01:08:10.583    Failed to find MIX file: expandmd23.mix
08.06. 01:08:10.583    Failed to find MIX file: expandmd22.mix
08.06. 01:08:10.584    Failed to find MIX file: expandmd21.mix
08.06. 01:08:10.584    Failed to find MIX file: expandmd20.mix
08.06. 01:08:10.584    Failed to find MIX file: expandmd19.mix
08.06. 01:08:10.584    Failed to find MIX file: expandmd18.mix
08.06. 01:08:10.585    Failed to find MIX file: expandmd17.mix
08.06. 01:08:10.585    Failed to find MIX file: expandmd16.mix
08.06. 01:08:10.585    Failed to find MIX file: expandmd15.mix
08.06. 01:08:10.585    Failed to find MIX file: expandmd14.mix
08.06. 01:08:10.586    Failed to find MIX file: expandmd13.mix
08.06. 01:08:10.586    Failed to find MIX file: expandmd12.mix
08.06. 01:08:10.586    Failed to find MIX file: expandmd11.mix
08.06. 01:08:10.587    Failed to find MIX file: expandmd10.mix
08.06. 01:08:10.587    Failed to find MIX file: expandmd09.mix
08.06. 01:08:10.587    Failed to find MIX file: expandmd08.mix
08.06. 01:08:10.587    Failed to find MIX file: expandmd07.mix
08.06. 01:08:10.587    Failed to find MIX file: expandmd06.mix
08.06. 01:08:10.588    Failed to find MIX file: expandmd05.mix
08.06. 01:08:10.588    Failed to find MIX file: expandmd04.mix
08.06. 01:08:10.588    Failed to find MIX file: expandmd03.mix
08.06. 01:08:10.588    Failed to find MIX file: expandmd02.mix
08.06. 01:08:10.589    Loading MIX file expandmd01.mix from E:\GAME\红色警戒2
08.06. 01:08:10.590    Failed to find MIX file: expandmd00.mix
08.06. 01:08:10.590    Loading MIX file ra2md.mix from E:\GAME\红色警戒2
08.06. 01:08:10.591    Loading MIX file ra2.mix from E:\GAME\红色警戒2
08.06. 01:08:10.599    Loading MIX file marble.mix from C:\USERS\MR\ONEDRIVE\桌面\WAE-MO - 副本 (8)\SRC\TSMAPEDITOR\BIN\DEBUG\NET8.0-WINDOWS
08.06. 01:08:10.639    从 yr 加载配置: ArtOverrides.ini
08.06. 01:08:10.646    File for tutorial lines does not exist! Tried to read from: E:\game\红色警戒2/
08.06. 01:08:10.678    从 yr 加载配置: BrushSizes.ini
08.06. 01:08:10.680    从 yr 加载配置: ScriptActions.ini
08.06. 01:08:10.686    从 yr 加载配置: Events.ini
08.06. 01:08:10.688    从 yr 加载配置: Actions.ini
08.06. 01:08:10.691    从 yr 加载配置: Theaters.ini
08.06. 01:08:10.695    从 yr 加载配置: TeamTypeFlags.ini
08.06. 01:08:10.696    从 yr 加载配置: ConnectedTileDrawer.ini
08.06. 01:08:10.874    从 yr 加载配置: EditorRules.ini
08.06. 01:08:10.904    从 yr 加载配置: TerrainTypeImpassability.ini
08.06. 01:08:11.028    从 yr 加载配置: OverlayCollections.ini
08.06. 01:08:11.030    从 yr 加载配置: TerrainObjectCollections.ini
08.06. 01:08:11.032    从 yr 加载配置: SmudgeCollections.ini
08.06. 01:08:11.034    从 yr 加载配置: Bridges.ini
08.06. 01:08:11.037    从 yr 加载配置: ConnectedOverlays.ini
08.06. 01:08:11.041    从 yr 加载配置: Tiberiums.ini
08.06. 01:08:11.063    Reading [Basic] section.
08.06. 01:08:11.066    [Basic] section read successfully.
08.06. 01:08:11.066    Reading [Map] section.
08.06. 01:08:11.067    [Map] section read successfully.
08.06. 01:08:11.067    Reading IsoMapPack5.
08.06. 01:08:11.076    Reading HouseTypes. Using countries: True
08.06. 01:08:11.077    Reading Houses.
08.06. 01:08:11.078    Reading Smudges.
08.06. 01:08:11.078    Reading Overlays (OverlayPack and OverlayDataPack).
08.06. 01:08:11.079    Reading TerrainObjects.
08.06. 01:08:11.080    Reading Tubes.
08.06. 01:08:11.080    Reading Waypoints.
08.06. 01:08:11.081    Reading TaskForces.
08.06. 01:08:11.081    TaskForces read successfully.
08.06. 01:08:11.082    Reading Triggers (Triggers, Events and Actions).
08.06. 01:08:11.082    Reading Tags.
08.06. 01:08:11.083    Reading CellTags.
08.06. 01:08:11.083    Reading ScriptTypes.
08.06. 01:08:11.083    ScriptTypes read successfully.
08.06. 01:08:11.084    Reading TeamTypes.
08.06. 01:08:11.084    TeamTypes read successfully.
08.06. 01:08:11.085    Reading AITriggerTypes.
08.06. 01:08:11.086    Reading local variables (VariableNames).
08.06. 01:08:11.087    Reading Structures.
08.06. 01:08:11.087    Reading Aircraft.
08.06. 01:08:11.088    Reading Units.
08.06. 01:08:11.089    Reading Infantry.
08.06. 01:08:11.123    Loading terrain object textures.
08.06. 01:08:11.126    Loading building textures.
08.06. 01:08:11.128    Loading tile textures.
08.06. 01:08:11.130    Loading building barrels' voxel models.
08.06. 01:08:11.130    Loading building turrets' voxel models.
08.06. 01:08:11.133    Loading unit textures.
08.06. 01:08:11.138    Loading unit voxel models.
08.06. 01:08:11.143    Loading unit turrets' voxel models.
08.06. 01:08:11.148    Loading unit barrels' voxel models.
08.06. 01:08:11.152    Loading aircraft voxel models.
08.06. 01:08:11.154    Finished loading unit textures.
08.06. 01:08:11.158    Loading overlay textures.
08.06. 01:08:11.160    Loading infantry textures.
08.06. 01:08:11.161    Loading smudge textures.
08.06. 01:08:11.176    Finished loading building barrels' voxel models.
08.06. 01:08:11.177    Loading animation textures.
08.06. 01:08:11.213    Finished loading unit barrels' voxel models.
08.06. 01:08:11.214    Loading alpha image textures.
08.06. 01:08:11.215    Finished loading alpha image textures.
08.06. 01:08:11.262    Finished loading building turrets' voxel models.
08.06. 01:08:11.288    Finished loading smudge textures.
08.06. 01:08:11.329    Finished loading terrain object textures.
08.06. 01:08:11.330    Finished loading unit turrets' voxel models.
08.06. 01:08:11.350    Finished loading aircraft voxel models.
08.06. 01:08:11.357    Finished loading infantry textures.
08.06. 01:08:11.550    Finished loading overlay textures.
08.06. 01:08:11.773    Finished loading building textures.
08.06. 01:08:11.828    Finished loading unit voxel models.
08.06. 01:08:11.856    Finished loading animation textures.
08.06. 01:08:12.054    Assigning marble madness mode tile textures.
08.06. 01:08:12.054    Finished loading tile textures.
08.06. 01:08:12.057    Performing post-load map checkup.
08.06. 01:08:12.065    Post-load map checkup complete.
08.06. 01:08:12.101    InitGraphicsMode: 2260x1240
08.06. 01:08:15.546    AutoApplyImpassableOverlayWindow: Invalid impassable overlay type IMOV
08.06. 01:08:15.548    从 yr 加载配置: TerrainGeneratorPresets.ini
